#
# A fatal error has been detected by the Java Runtime Environment:
#
#  EXCEPTION_ACCESS_VIOLATION (0xc0000005) at pc=0x00007ffee53004b3, pid=13420, tid=6780
#
# JRE version:  (11.0.11+9) (build )
# Java VM: OpenJDK 64-Bit Server VM (11.0.11+9, mixed mode, sharing, tiered, compressed oops, g1 gc, windows-amd64)
# Problematic frame:
# V  [jvm.dll+0x1d04b3]
#
# No core dump will be written. Minidumps are not enabled by default on client versions of Windows
#
#

---------------  S U M M A R Y ------------

Command Line: -javaagent:LaunchServer.jar LaunchServer.jar

Host: Intel(R) Core(TM) i7-8550U CPU @ 1.80GHz, 8 cores, 15G,  Windows 10 , 64 bit Build 19041 (10.0.19041.928)
Time: Wed Apr 28 12:29:26 2021 Центральная Азия (зима) elapsed time: 1.103223 seconds (0d 0h 0m 1s)

---------------  T H R E A D  ---------------

Current thread (0x00000130452f6800):  JavaThread "Unknown thread" [_thread_in_vm, id=6780, stack(0x00000010df000000,0x00000010df100000)]

Stack: [0x00000010df000000,0x00000010df100000],  sp=0x00000010df0feb50,  free space=1018k
Native frames: (J=compiled Java code, j=interpreted, Vv=VM code, C=native code)
V  [jvm.dll+0x1d04b3]
V  [jvm.dll+0x1ce583]
V  [jvm.dll+0x3525cb]
V  [jvm.dll+0x73e660]
V  [jvm.dll+0x3b9ddf]
V  [jvm.dll+0x3bc2e1]
C  [jli.dll+0x520b]
C  [ucrtbase.dll+0x21bb2]
C  [KERNEL32.DLL+0x17034]
C  [ntdll.dll+0x52651]


siginfo: EXCEPTION_ACCESS_VIOLATION (0xc0000005), reading address 0x0000000000000000


Registers:
RAX=0x0000b58580558657, RBX=0x0000000000000000, RCX=0x0000000000000000, RDX=0x0000000000000000
RSP=0x00000010df0feb50, RBP=0x0000000000000000, RSI=0x00000130452f6800, RDI=0x0000000000000000
R8 =0x0000000000000000, R9 =0x0000000000000000, R10=0x0000000000000000, R11=0x00000010df0fe900
R12=0x0000000000000000, R13=0x00007ffee56d3030, R14=0x000001304514fe08, R15=0x00000010df0ff898
RIP=0x00007ffee53004b3, EFLAGS=0x0000000000010256

Top of Stack: (sp=0x00000010df0feb50)
0x00000010df0feb50:   0000013045155e50 00007ffee53f2298
0x00000010df0feb60:   00000010df0ff898 0000000000000400
0x00000010df0feb70:   0000000000000000 00000130452f6800
0x00000010df0feb80:   0000df369584d4d6 00007ffee56d3030
0x00000010df0feb90:   00000010df0fec70 00000010df0ff898
0x00000010df0feba0:   000001304514fe08 00007ffee56d3030
0x00000010df0febb0:   0000000000000000 00007fff510e0000
0x00000010df0febc0:   00007ffee5997c78 0000000000000000
0x00000010df0febd0:   00007ffee52fe42a 00007fff55fb53dc
0x00000010df0febe0:   00000010df0fec70 0000000000000001
0x00000010df0febf0:   0000b58580558657 000001304514fe08
0x00000010df0fec00:   00007ffe00000000 00007ffee56d3030
0x00000010df0fec10:   00000130452f6800 00000010df0fed30
0x00000010df0fec20:   0000000000000000 00007ffee52fe583
0x00000010df0fec30:   00007fff500c0000 00007fff510ecfc0
0x00000010df0fec40:   00000010df0fed30 00000130452f6800 

Instructions: (pc=0x00007ffee53004b3)
0x00007ffee53003b3:   f0 ff 15 e6 24 5e 00 48 8b cb 41 b1 01 48 2b 8c
0x00007ffee53003c3:   24 90 00 00 00 45 33 c0 33 d2 c6 04 31 00 48 8b
0x00007ffee53003d3:   ce e8 a7 0b 00 00 42 80 3c 33 3b 4a 8d 3c 33 75
0x00007ffee53003e3:   1c 0f 1f 40 00 0f 1f 84 00 00 00 00 00 48 ff c3
0x00007ffee53003f3:   ff c5 42 80 3c 33 3b 4a 8d 3c 33 74 f0 49 83 3c
0x00007ffee5300403:   24 00 74 18 48 8b 94 24 98 00 00 00 49 8b cf e8
0x00007ffee5300413:   19 ec ee ff 49 8b cc e8 81 eb ee ff 48 8b 44 24
0x00007ffee5300423:   20 48 8d 4c 24 30 49 89 47 18 48 8b 44 24 28 49
0x00007ffee5300433:   89 47 20 4d 89 67 10 e8 51 28 0f 00 44 8b ed 48
0x00007ffee5300443:   89 9c 24 90 00 00 00 48 3b 5c 24 38 0f 8c cd fe
0x00007ffee5300453:   ff ff 4c 8b 7c 24 40 4c 8b 64 24 48 48 8b 7c 24
0x00007ffee5300463:   50 48 8b 74 24 58 48 8b 9c 24 80 00 00 00 48 83
0x00007ffee5300473:   c4 60 41 5e 41 5d 5d c3 cc cc cc cc cc 40 53 55
0x00007ffee5300483:   56 41 55 48 81 ec b8 00 00 00 48 8b 05 e4 27 87
0x00007ffee5300493:   00 48 33 c4 48 89 84 24 a0 00 00 00 48 8b e9 48
0x00007ffee53004a3:   c7 c3 ff ff ff ff 0f 1f 80 00 00 00 00 48 ff c3
0x00007ffee53004b3:   80 3c 0b 00 75 f7 33 f6 c6 44 24 30 01 40 38 35
0x00007ffee53004c3:   c9 50 8a 00 74 17 40 38 35 64 b7 89 00 75 0e 33
0x00007ffee53004d3:   d2 48 8d 0d c5 75 69 00 e8 60 ca 19 00 45 33 ed
0x00007ffee53004e3:   85 db 0f 8e 11 02 00 00 48 89 bc 24 e8 00 00 00
0x00007ffee53004f3:   48 8b fd 4c 89 a4 24 f0 00 00 00 48 63 c3 33 db
0x00007ffee5300503:   4c 89 b4 24 f8 00 00 00 4c 89 bc 24 b0 00 00 00
0x00007ffee5300513:   48 89 44 24 68 48 89 74 24 40 0f 1f 00 0f b6 07
0x00007ffee5300523:   84 c0 74 12 3c 3b 74 0e 0f b6 44 2b 01 48 ff c3
0x00007ffee5300533:   ff c6 84 c0 75 ee 48 8d 54 24 38 48 c7 44 24 38
0x00007ffee5300543:   00 00 00 00 48 8d 4c 24 60 e8 bf 26 0f 00 48 8b
0x00007ffee5300553:   44 24 38 33 d2 4c 8b b0 78 02 00 00 49 8b 46 18
0x00007ffee5300563:   4d 8b 66 10 48 89 44 24 50 49 8b 46 20 48 89 44
0x00007ffee5300573:   24 58 49 8b 46 28 48 89 44 24 48 8b c6 41 2b c5
0x00007ffee5300583:   48 63 f8 48 8d 4f 01 e8 b1 4b 48 00 49 63 d5 4c
0x00007ffee5300593:   8b c7 48 03 d5 48 8b c8 4c 8b f8 ff 15 fc 22 5e
0x00007ffee53005a3:   00 48 8b cb 48 2b 4c 24 40 80 7c 24 30 00 42 c6 



---------------  P R O C E S S  ---------------

Threads class SMR info:
_java_thread_list=0x000001304514fe20, length=0, elements={
}

Java Threads: ( => current thread )

Other Threads:

=>0x00000130452f6800 (exited) JavaThread "Unknown thread" [_thread_in_vm, id=6780, stack(0x00000010df000000,0x00000010df100000)]

Threads with active compile tasks:

VM state:not at safepoint (not fully initialized)

VM Mutex/Monitor currently owned by a thread: None


[error occurred during error reporting (printing compressed oops mode), id 0xc0000005, EXCEPTION_ACCESS_VIOLATION (0xc0000005) at pc=0x00007ffee588c347]

Deoptimization events (0 events):
No events

Classes redefined (0 events):
No events

Internal exceptions (0 events):
No events

Events (1 events):
Event: 1.086 Loaded shared library C:\Users\Алтынай\Desktop\GravitLauncher\jdk11\bin\zip.dll


Dynamic libraries:
0x00007ff72d540000 - 0x00007ff72d54d000 	C:\Users\Алтынай\Desktop\GravitLauncher\jdk11\bin\java.exe
0x00007fff58710000 - 0x00007fff58905000 	C:\WINDOWS\SYSTEM32\ntdll.dll
0x00007fff56d00000 - 0x00007fff56dbd000 	C:\WINDOWS\System32\KERNEL32.DLL
0x00007fff55fb0000 - 0x00007fff56278000 	C:\WINDOWS\System32\KERNELBASE.dll
0x00007fff56470000 - 0x00007fff56570000 	C:\WINDOWS\System32\ucrtbase.dll
0x00007fff51140000 - 0x00007fff51157000 	C:\Users\Алтынай\Desktop\GravitLauncher\jdk11\bin\jli.dll
0x00007fff58240000 - 0x00007fff583e0000 	C:\WINDOWS\System32\USER32.dll
0x00007fff56440000 - 0x00007fff56462000 	C:\WINDOWS\System32\win32u.dll
0x00007fff57540000 - 0x00007fff5756a000 	C:\WINDOWS\System32\GDI32.dll
0x00007fff56280000 - 0x00007fff5638b000 	C:\WINDOWS\System32\gdi32full.dll
0x00007fff56570000 - 0x00007fff5660d000 	C:\WINDOWS\System32\msvcp_win.dll
0x00007fff51120000 - 0x00007fff51136000 	C:\Users\Алтынай\Desktop\GravitLauncher\jdk11\bin\VCRUNTIME140.dll
0x00007fff36290000 - 0x00007fff3652a000 	C:\WINDOWS\WinSxS\amd64_microsoft.windows.common-controls_6595b64144ccf1df_6.0.19041.844_none_ca00b6081b84eb1d\COMCTL32.dll
0x00007fff56dc0000 - 0x00007fff56e5e000 	C:\WINDOWS\System32\msvcrt.dll
0x00007fff56e60000 - 0x00007fff56e90000 	C:\WINDOWS\System32\IMM32.DLL
0x00007fff4d6f0000 - 0x00007fff4d796000 	C:\Users\Алтынай\Desktop\GravitLauncher\jdk11\bin\msvcp140.dll
0x00007ffee5130000 - 0x00007ffee5c7b000 	C:\Users\Алтынай\Desktop\GravitLauncher\jdk11\bin\server\jvm.dll
0x00007fff56e90000 - 0x00007fff56f3c000 	C:\WINDOWS\System32\ADVAPI32.dll
0x00007fff585d0000 - 0x00007fff5866b000 	C:\WINDOWS\System32\sechost.dll
0x00007fff56fc0000 - 0x00007fff570eb000 	C:\WINDOWS\System32\RPCRT4.dll
0x00007fff57530000 - 0x00007fff57538000 	C:\WINDOWS\System32\PSAPI.DLL
0x00007fff2b290000 - 0x00007fff2b299000 	C:\WINDOWS\SYSTEM32\WSOCK32.dll
0x00007fff57790000 - 0x00007fff577fb000 	C:\WINDOWS\System32\WS2_32.dll
0x00007fff366b0000 - 0x00007fff366d7000 	C:\WINDOWS\SYSTEM32\WINMM.dll
0x00007fff49c70000 - 0x00007fff49c7a000 	C:\WINDOWS\SYSTEM32\VERSION.dll
0x00007fff54760000 - 0x00007fff54772000 	C:\WINDOWS\SYSTEM32\kernel.appcore.dll
0x00007fff51110000 - 0x00007fff51120000 	C:\Users\Алтынай\Desktop\GravitLauncher\jdk11\bin\verify.dll
0x00007fff53c80000 - 0x00007fff53e64000 	C:\WINDOWS\SYSTEM32\DBGHELP.DLL
0x00007fff368f0000 - 0x00007fff3691c000 	C:\WINDOWS\SYSTEM32\dbgcore.DLL
0x00007fff563c0000 - 0x00007fff56440000 	C:\WINDOWS\System32\bcryptPrimitives.dll
0x00007fff510e0000 - 0x00007fff51108000 	C:\Users\Алтынай\Desktop\GravitLauncher\jdk11\bin\java.dll
0x00007fff510d0000 - 0x00007fff510da000 	C:\Users\Алтынай\Desktop\GravitLauncher\jdk11\bin\jimage.dll
0x00007fff510c0000 - 0x00007fff510ce000 	C:\Users\Алтынай\Desktop\GravitLauncher\jdk11\bin\instrument.dll
0x00007fff500c0000 - 0x00007fff500d7000 	C:\Users\Алтынай\Desktop\GravitLauncher\jdk11\bin\zip.dll

dbghelp: loaded successfully - version: 4.0.5 - missing functions: none
symbol engine: initialized successfully - sym options: 0x614 - pdb path: .;C:\Users\Алтынай\Desktop\GravitLauncher\jdk11\bin;C:\WINDOWS\SYSTEM32;C:\WINDOWS\WinSxS\amd64_microsoft.windows.common-controls_6595b64144ccf1df_6.0.19041.844_none_ca00b6081b84eb1d;C:\Users\Алтынай\Desktop\GravitLauncher\jdk11\bin\server

VM Arguments:
jvm_args: -javaagent:LaunchServer.jar 
java_command: LaunchServer.jar
java_class_path (initial): LaunchServer.jar
Launcher Type: SUN_STANDARD

[Global flags]
     uint G1ConcRefinementThreads                  = 8                                         {product} {ergonomic}
    uintx GCDrainStackTargetSize                   = 64                                        {product} {ergonomic}
   size_t InitialHeapSize                          = 265718336                                 {product} {ergonomic}
   size_t MaxHeapSize                              = 4251493376                                {product} {ergonomic}
    uintx ReservedCodeCacheSize                    = 251658240                              {pd product} {ergonomic}
     bool SegmentedCodeCache                       = true                                      {product} {ergonomic}
     bool UseCompressedClassPointers               = true                                 {lp64_product} {ergonomic}
     bool UseCompressedOops                        = true                                 {lp64_product} {ergonomic}
     bool UseG1GC                                  = true                                      {product} {ergonomic}
     bool UseLargePagesIndividualAllocation        = false                                  {pd product} {ergonomic}

Logging:
Log output configuration:
 #0: stdout all=warning uptime,level,tags
 #1: stderr all=off uptime,level,tags

Environment Variables:
PATH=C:\Program Files\Common Files\Oracle\Java\javapath;C:\ProgramData\Oracle\Java\javapath;C:\Program Files (x86)\Common Files\Oracle\Java\javapath;C:\Program Files (x86)\Intel\Intel(R) Management Engine Components\iCLS\;C:\Program Files\Intel\Intel(R) Management Engine Components\iCLS\;C:\windows\system32;C:\windows;C:\windows\System32\Wbem;C:\windows\System32\WindowsPowerShell\v1.0\;C:\windows\System32\OpenSSH\;C:\Program Files (x86)\Intel\Intel(R) Management Engine Components\DAL;C:\Program Files\Intel\Intel(R) Management Engine Components\DAL;C:\Program Files (x86)\Intel\Intel(R) Management Engine Components\IPT;C:\Program Files\Intel\Intel(R) Management Engine Components\IPT;C:\Program Files (x86)\NVIDIA Corporation\PhysX\Common;C:\Program Files\Intel\WiFi\bin\;C:\Program Files\Common Files\Intel\WirelessCommon\;C:\WINDOWS\system32;C:\WINDOWS;C:\WINDOWS\System32\Wbem;C:\WINDOWS\System32\WindowsPowerShell\v1.0\;C:\WINDOWS\System32\OpenSSH\;C:\Program Files\Git\cmd;C:\Program Files\MySQL\MySQL Shell 8.0\bin\;C:\Users\Алтынай\AppData\Local\Programs\Python\Python38\Scripts\;C:\Users\Алтынай\AppData\Local\Programs\Python\Python38\;C:\Users\Алтынай\AppData\Local\Microsoft\WindowsApps;C:\Users\Алтынай\AppData\Local\Programs\Microsoft VS Code\bin;D:\PyCharm Community Edition 2020.2.2\bin;;C:\Users\Алтынай\AppData\Local\GitHubDesktop\bin;C:\Program Files\JetBrains\IntelliJ IDEA Community Edition 2020.3.1\bin;;
USERNAME=Алтынай
OS=Windows_NT
PROCESSOR_IDENTIFIER=Intel64 Family 6 Model 142 Stepping 10, GenuineIntel



---------------  S Y S T E M  ---------------

OS: Windows 10 , 64 bit Build 19041 (10.0.19041.928)
OS uptime: 0 days 0:10 hours

CPU:total 8 (initial active 8) 

Memory: 4k page, system-wide physical 16218M (11335M free)
TotalPageFile size 18650M (AvailPageFile size 11894M)
current process WorkingSet (physical memory assigned to process): 8M, peak: 8M
current process commit charge ("private bytes"): 3M, peak: 3M

vm_info: OpenJDK 64-Bit Server VM (11.0.11+9) for windows-amd64 JRE (11.0.11+9), built on Apr 20 2021 21:22:09 by "" with MS VC++ 15.9 (VS2017)

END.
